Thu 24 Aug 2023 03:04:59 PM UTC: 
 tests:  0|6
total_score: 0/70
9c02bb4
Sat 26 Aug 2023 07:09:10 PM UTC: 
 list.c | 13 +++++++++++--
 1 file changed, 11 insertions(+), 2 deletions(-)
In file included from test.c:5:
list.c: In function ‘createList’:
list.c:36:9: error: expected ‘;’ before ‘newList’
   36 |         newList->tail = NULL;
      |         ^~~~~~~
list.c:38:5: error: expected ‘;’ before ‘}’ token
   38 |     }
      |     ^
Compilation failed
f785d45
